<component name="libraryTable">
  <library name="junit:junit:4.12" type="repository">
    <properties maven-id="junit:junit:4.12" />
    <CLASSES>
      <root url="jar://$PROJECT_DIR$/../art-of-javacocurrency/lib/junit-4.12.jar!/" />
      <root url="jar://$PROJECT_DIR$/../art-of-javacocurrency/lib/hamcrest-core-1.3.jar!/" />
    </CLASSES>
    <JAVADOC />
    <SOURCES />
  </library>
</component>